2024-02-08 19:53:37,660 [INFO] Activator:176 - 


2024-02-08 19:53:37,661 [INFO] Activator:177 - !SESSION log4j initialized
2024-02-08 19:53:39,764 [INFO] LogOutputStream:77 - [STDOUT_REDIRECT] 
2024-02-08 19:53:48,494 [INFO] ApplicationProperties:184 - Using Application install path: C:\ST\STM32CubeIDE_1.14.0\STM32CubeIDE\plugins\com.st.stm32cube.common.mx_6.10.0.202311202037
2024-02-08 19:53:48,510 [INFO] DbMcusXml:78 - Set database path to: C:\ST\STM32CubeIDE_1.14.0\STM32CubeIDE\plugins\com.st.stm32cube.common.mx_6.10.0.202311202037\\db\/mcu/
2024-02-08 19:53:48,510 [INFO] ApiDb:274 - Set plugin database path to: C:\ST\STM32CubeIDE_1.14.0\STM32CubeIDE\plugins\com.st.stm32cube.common.mx_6.10.0.202311202037\\db\/plugins/boardmanager/
2024-02-08 19:53:48,513 [WARN] ApiDb:259 - Overriding images path with different value:  => C:\ST\STM32CubeIDE_1.14.0\STM32CubeIDE\plugins\com.st.stm32cube.common.mx_6.10.0.202311202037\\db\/plugins/mcufinder/images/
2024-02-08 19:53:48,522 [INFO] ApiDb:250 - Set database path to: C:\Users\Saksham Raj\.stmcufinder\plugins\mcufinder//mcu/
2024-02-08 19:53:48,523 [INFO] DbMcusAds:125 - Set database path to: C:\Users\Saksham Raj\.stmcufinder\plugins\mcufinder//mcu/
2024-02-08 19:53:48,524 [INFO] CrossReferenceDbSqlite:203 - Set database path to: C:\Users\Saksham Raj\.stmcufinder\plugins\mcufinder//mcu/cs/
2024-02-08 19:53:48,605 [INFO] RulesReader:64 - Compatibility file has been processed (297 Rules)
2024-02-08 19:53:48,665 [INFO] DbMcusXml:78 - Set database path to: C:\ST\STM32CubeIDE_1.14.0\STM32CubeIDE\plugins\com.st.stm32cube.common.mx_6.10.0.202311202037\\db\/mcu/
2024-02-08 19:53:48,665 [INFO] ApiDb:274 - Set plugin database path to: C:\ST\STM32CubeIDE_1.14.0\STM32CubeIDE\plugins\com.st.stm32cube.common.mx_6.10.0.202311202037\\db\/plugins/boardmanager/
2024-02-08 19:53:48,665 [INFO] ApiDb:261 - Set plugin images path to: C:\ST\STM32CubeIDE_1.14.0\STM32CubeIDE\plugins\com.st.stm32cube.common.mx_6.10.0.202311202037\\db\/plugins/mcufinder/images/
2024-02-08 19:53:48,665 [WARN] DbFile:41 - Overriding database path with different value: C:\Users\Saksham Raj\.stmcufinder\plugins\mcufinder/ => C:\Users\Saksham Raj\.stmcufinder\plugins\mcufinder
2024-02-08 19:53:48,665 [INFO] ApiDb:250 - Set database path to: C:\Users\Saksham Raj\.stmcufinder\plugins\mcufinder//mcu/
2024-02-08 19:53:48,665 [WARN] DbFile:41 - Overriding database path with different value: C:\Users\Saksham Raj\.stmcufinder\plugins\mcufinder/ => C:\Users\Saksham Raj\.stmcufinder\plugins\mcufinder
2024-02-08 19:53:48,665 [INFO] DbMcusAds:125 - Set database path to: C:\Users\Saksham Raj\.stmcufinder\plugins\mcufinder//mcu/
2024-02-08 19:53:48,665 [WARN] DbFile:41 - Overriding database path with different value: C:\Users\Saksham Raj\.stmcufinder\plugins\mcufinder/ => C:\Users\Saksham Raj\.stmcufinder\plugins\mcufinder
2024-02-08 19:53:48,665 [WARN] DbFile:41 - Overriding database path with different value: C:\Users\Saksham Raj\.stmcufinder\plugins\mcufinder/ => C:\Users\Saksham Raj\.stmcufinder\plugins\mcufinder
2024-02-08 19:53:48,665 [INFO] CrossReferenceDbSqlite:203 - Set database path to: C:\Users\Saksham Raj\.stmcufinder\plugins\mcufinder//mcu/cs/
2024-02-08 19:53:48,722 [INFO] MainPanel:264 - HeapMemory: 268435456
2024-02-08 19:53:48,806 [INFO] DbMcusXml:78 - Set database path to: C:\ST\STM32CubeIDE_1.14.0\STM32CubeIDE\plugins\com.st.stm32cube.common.mx_6.10.0.202311202037\\db\/mcu/
2024-02-08 19:53:48,806 [INFO] ApiDb:274 - Set plugin database path to: C:\ST\STM32CubeIDE_1.14.0\STM32CubeIDE\plugins\com.st.stm32cube.common.mx_6.10.0.202311202037\\db\/plugins/boardmanager/
2024-02-08 19:53:48,806 [INFO] ApiDb:261 - Set plugin images path to: C:\ST\STM32CubeIDE_1.14.0\STM32CubeIDE\plugins\com.st.stm32cube.common.mx_6.10.0.202311202037\\db\/plugins/mcufinder/images/
2024-02-08 19:53:48,806 [WARN] DbFile:41 - Overriding database path with different value: C:\Users\Saksham Raj\.stmcufinder\plugins\mcufinder/ => C:\Users\Saksham Raj\.stmcufinder\plugins\mcufinder
2024-02-08 19:53:48,806 [INFO] ApiDb:250 - Set database path to: C:\Users\Saksham Raj\.stmcufinder\plugins\mcufinder//mcu/
2024-02-08 19:53:48,807 [WARN] DbFile:41 - Overriding database path with different value: C:\Users\Saksham Raj\.stmcufinder\plugins\mcufinder/ => C:\Users\Saksham Raj\.stmcufinder\plugins\mcufinder
2024-02-08 19:53:48,807 [INFO] DbMcusAds:125 - Set database path to: C:\Users\Saksham Raj\.stmcufinder\plugins\mcufinder//mcu/
2024-02-08 19:53:48,807 [WARN] DbFile:41 - Overriding database path with different value: C:\Users\Saksham Raj\.stmcufinder\plugins\mcufinder/ => C:\Users\Saksham Raj\.stmcufinder\plugins\mcufinder
2024-02-08 19:53:48,807 [WARN] DbFile:41 - Overriding database path with different value: C:\Users\Saksham Raj\.stmcufinder\plugins\mcufinder/ => C:\Users\Saksham Raj\.stmcufinder\plugins\mcufinder
2024-02-08 19:53:48,807 [INFO] CrossReferenceDbSqlite:203 - Set database path to: C:\Users\Saksham Raj\.stmcufinder\plugins\mcufinder//mcu/cs/
2024-02-08 19:53:48,820 [INFO] ApplicationProperties:184 - Using Application install path: C:\ST\STM32CubeIDE_1.14.0\STM32CubeIDE\plugins\com.st.stm32cube.common.mx_6.10.0.202311202037
2024-02-08 19:53:48,821 [INFO] PluginManage:196 - Search for loadable plugins [exclusion list=, ]
2024-02-08 19:53:48,822 [INFO] PluginManage:310 - Check plugin analytics
2024-02-08 19:53:48,935 [INFO] AnalyticsPlugin:253 - Accepted Software Licenses: 
2024-02-08 19:53:48,935 [INFO] AnalyticsPlugin:255 - Accepted CMSIS Pack Licenses: 
2024-02-08 19:53:48,935 [INFO] AnalyticsPlugin:257 - Accepted Firmware Licenses: FW.F4.1.28.0,FW.WL.1.3.0
2024-02-08 19:53:48,937 [INFO] PluginManage:359 - Loaded plugin analytics (category:tool,tabindex:-1)
2024-02-08 19:53:48,937 [INFO] PluginManage:310 - Check plugin cadmodel
2024-02-08 19:53:48,951 [INFO] CADModel:105 - Init CAD model plugin
2024-02-08 19:53:48,951 [INFO] PluginManage:359 - Loaded plugin cadmodel (category:power,tabindex:5)
2024-02-08 19:53:48,951 [INFO] PluginManage:310 - Check plugin clock
2024-02-08 19:53:48,968 [INFO] PluginManage:359 - Loaded plugin clock (category:base,tabindex:2)
2024-02-08 19:53:48,968 [INFO] PluginManage:310 - Check plugin ddr
2024-02-08 19:53:48,971 [INFO] PluginManage:359 - Loaded plugin ddr (category:tool,tabindex:6)
2024-02-08 19:53:48,971 [INFO] PluginManage:310 - Check plugin filemanager
2024-02-08 19:53:49,077 [INFO] PluginManage:359 - Loaded plugin filemanager (category:base,tabindex:10)
2024-02-08 19:53:49,077 [INFO] PluginManage:310 - Check plugin ipmanager
2024-02-08 19:53:49,082 [INFO] PluginManage:359 - Loaded plugin ipmanager (category:base,tabindex:5)
2024-02-08 19:53:49,082 [INFO] PluginManage:310 - Check plugin lpbam
2024-02-08 19:53:49,095 [INFO] PluginManage:359 - Loaded plugin lpbam (category:base,tabindex:0)
2024-02-08 19:53:49,095 [INFO] PluginManage:310 - Check plugin memorymap
2024-02-08 19:53:49,112 [INFO] PluginManage:359 - Loaded plugin memorymap (category:base,tabindex:4)
2024-02-08 19:53:49,112 [INFO] PluginManage:310 - Check plugin pinoutandconfiguration
2024-02-08 19:53:49,124 [INFO] PluginManage:359 - Loaded plugin pinoutandconfiguration (category:base,tabindex:1)
2024-02-08 19:53:49,124 [INFO] PluginManage:310 - Check plugin pinoutconfig
2024-02-08 19:53:49,192 [WARN] SupportedApi:132 - Cannot load RTOS API schema: s4s-elt-must-match.1: The content of 'definitions' must match (annotation?, (simpleType | complexType)?, (unique | key | keyref)*)). A problem was found starting at: attribute.
2024-02-08 19:53:49,312 [INFO] PluginManage:359 - Loaded plugin pinoutconfig (category:base,tabindex:0)
2024-02-08 19:53:49,312 [INFO] PluginManage:310 - Check plugin power
2024-02-08 19:53:49,327 [INFO] PluginManage:359 - Loaded plugin power (category:power,tabindex:4)
2024-02-08 19:53:49,327 [INFO] PluginManage:310 - Check plugin projectmanager
2024-02-08 19:53:49,338 [INFO] PluginManage:359 - Loaded plugin projectmanager (category:projectmanager,tabindex:3)
2024-02-08 19:53:49,338 [INFO] PluginManage:310 - Check plugin thirdparty
2024-02-08 19:53:49,518 [INFO] PluginManage:359 - Loaded plugin thirdparty (category:base,tabindex:-1)
2024-02-08 19:53:49,518 [INFO] PluginManage:310 - Check plugin tools
2024-02-08 19:53:49,518 [WARN] IntegrityCheckThread:84 - waiting for thirdparty lock release [integrity check]
2024-02-08 19:53:49,518 [INFO] IntegrityCheckThread:86 - entering critical section [integrity check]
2024-02-08 19:53:49,518 [INFO] ThirdPartyUpdaterWithRetryManager:70 - Updater plugin not ready yet. [1/15]
2024-02-08 19:53:49,540 [INFO] PluginManage:359 - Loaded plugin tools (category:base,tabindex:7)
2024-02-08 19:53:49,540 [INFO] PluginManage:310 - Check plugin tutovideos
2024-02-08 19:53:49,667 [INFO] PluginManage:359 - Loaded plugin tutovideos (category:base,tabindex:-1)
2024-02-08 19:53:49,667 [INFO] PluginManage:310 - Check plugin updater
2024-02-08 19:53:49,675 [INFO] PluginManage:359 - Loaded plugin updater (category:base,tabindex:12)
2024-02-08 19:53:49,676 [INFO] PluginManage:310 - Check plugin userauth
2024-02-08 19:53:49,679 [INFO] UserAuth:114 - Init User Auth plugin
2024-02-08 19:53:49,679 [INFO] PluginManage:359 - Loaded plugin userauth (category:base,tabindex:14)
2024-02-08 19:53:49,679 [INFO] PluginManage:283 - PluginManage : Loaded plugins [17]
2024-02-08 19:53:49,833 [INFO] PinOutPanel:1499 - setPackage(No Configuration,No Configuration)
2024-02-08 19:53:49,881 [INFO] CADModel:165 - CPN selected for project level
2024-02-08 19:53:49,881 [INFO] CADModel:114 - Register for checkConnection events
2024-02-08 19:53:49,898 [INFO] IPUIPlugin:80 - create IPUIPlugin
2024-02-08 19:53:49,899 [INFO] PluginManager:220 - loadIPPluginJar : add adc
2024-02-08 19:53:49,919 [INFO] IPUIPlugin:80 - create IPUIPlugin
2024-02-08 19:53:49,919 [INFO] PluginManager:220 - loadIPPluginJar : add aes
2024-02-08 19:53:49,942 [INFO] IPUIPlugin:80 - create IPUIPlugin
2024-02-08 19:53:49,942 [INFO] PluginManager:220 - loadIPPluginJar : add can
2024-02-08 19:53:49,955 [INFO] IPUIPlugin:80 - create IPUIPlugin
2024-02-08 19:53:49,955 [INFO] PluginManager:220 - loadIPPluginJar : add comp
2024-02-08 19:53:49,974 [INFO] IPUIPlugin:80 - create IPUIPlugin
2024-02-08 19:53:49,975 [INFO] PluginManager:220 - loadIPPluginJar : add cryp
2024-02-08 19:53:49,992 [INFO] IPUIPlugin:80 - create IPUIPlugin
2024-02-08 19:53:49,992 [INFO] PluginManager:220 - loadIPPluginJar : add dfsdm
2024-02-08 19:53:50,002 [INFO] IPUIPlugin:80 - create IPUIPlugin
2024-02-08 19:53:50,002 [INFO] PluginManager:220 - loadIPPluginJar : add dma
2024-02-08 19:53:50,025 [INFO] IPUIPlugin:80 - create IPUIPlugin
2024-02-08 19:53:50,025 [INFO] PluginManager:220 - loadIPPluginJar : add dma3
2024-02-08 19:53:50,036 [INFO] IPUIPlugin:80 - create IPUIPlugin
2024-02-08 19:53:50,036 [INFO] PluginManager:220 - loadIPPluginJar : add fatfs
2024-02-08 19:53:50,062 [INFO] IPUIPlugin:80 - create IPUIPlugin
2024-02-08 19:53:50,062 [INFO] PluginManager:220 - loadIPPluginJar : add fmc
2024-02-08 19:53:50,073 [INFO] IPUIPlugin:80 - create IPUIPlugin
2024-02-08 19:53:50,073 [INFO] PluginManager:220 - loadIPPluginJar : add freertos
2024-02-08 19:53:50,085 [INFO] IPUIPlugin:80 - create IPUIPlugin
2024-02-08 19:53:50,085 [INFO] PluginManager:220 - loadIPPluginJar : add genericplugin
2024-02-08 19:53:50,135 [INFO] IPUIPlugin:80 - create IPUIPlugin
2024-02-08 19:53:50,135 [INFO] PluginManager:220 - loadIPPluginJar : add gfxmmu
2024-02-08 19:53:50,206 [INFO] IPUIPlugin:80 - create IPUIPlugin
2024-02-08 19:53:50,207 [INFO] PluginManager:220 - loadIPPluginJar : add gic
2024-02-08 19:53:50,216 [INFO] IPUIPlugin:80 - create IPUIPlugin
2024-02-08 19:53:50,216 [INFO] PluginManager:220 - loadIPPluginJar : add gpio
2024-02-08 19:53:50,266 [INFO] IPUIPlugin:80 - create IPUIPlugin
2024-02-08 19:53:50,266 [INFO] PluginManager:220 - loadIPPluginJar : add gtzc
2024-02-08 19:53:50,284 [INFO] IPUIPlugin:80 - create IPUIPlugin
2024-02-08 19:53:50,284 [INFO] PluginManager:220 - loadIPPluginJar : add hash
2024-02-08 19:53:50,315 [INFO] IPUIPlugin:80 - create IPUIPlugin
2024-02-08 19:53:50,315 [INFO] PluginManager:220 - loadIPPluginJar : add i2c
2024-02-08 19:53:50,339 [INFO] IPUIPlugin:80 - create IPUIPlugin
2024-02-08 19:53:50,339 [INFO] PluginManager:220 - loadIPPluginJar : add i2s
2024-02-08 19:53:50,361 [INFO] IPUIPlugin:80 - create IPUIPlugin
2024-02-08 19:53:50,361 [INFO] PluginManager:220 - loadIPPluginJar : add i3c
2024-02-08 19:53:50,426 [INFO] IPUIPlugin:80 - create IPUIPlugin
2024-02-08 19:53:50,426 [INFO] PluginManager:220 - loadIPPluginJar : add ipddr
2024-02-08 19:53:50,481 [INFO] IPUIPlugin:80 - create IPUIPlugin
2024-02-08 19:53:50,481 [INFO] PluginManager:220 - loadIPPluginJar : add linkedlist
2024-02-08 19:53:50,502 [INFO] IPUIPlugin:80 - create IPUIPlugin
2024-02-08 19:53:50,502 [INFO] PluginManager:220 - loadIPPluginJar : add lorawan
2024-02-08 19:53:50,523 [INFO] IPUIPlugin:80 - create IPUIPlugin
2024-02-08 19:53:50,523 [INFO] PluginManager:220 - loadIPPluginJar : add ltdc
2024-02-08 19:53:50,533 [INFO] IPUIPlugin:80 - create IPUIPlugin
2024-02-08 19:53:50,533 [INFO] PluginManager:220 - loadIPPluginJar : add mdma
2024-02-08 19:53:50,541 [INFO] IPUIPlugin:80 - create IPUIPlugin
2024-02-08 19:53:50,541 [INFO] PluginManager:220 - loadIPPluginJar : add nvic
2024-02-08 19:53:50,563 [INFO] IPUIPlugin:80 - create IPUIPlugin
2024-02-08 19:53:50,563 [INFO] PluginManager:220 - loadIPPluginJar : add opamp
2024-02-08 19:53:50,597 [INFO] IPUIPlugin:80 - create IPUIPlugin
2024-02-08 19:53:50,597 [INFO] PluginManager:220 - loadIPPluginJar : add openamp
2024-02-08 19:53:50,622 [INFO] IPUIPlugin:80 - create IPUIPlugin
2024-02-08 19:53:50,622 [INFO] PluginManager:220 - loadIPPluginJar : add pdm2pcm
2024-02-08 19:53:50,632 [INFO] IPUIPlugin:80 - create IPUIPlugin
2024-02-08 19:53:50,634 [INFO] PluginManager:220 - loadIPPluginJar : add plateformsettings
2024-02-08 19:53:50,647 [INFO] IPUIPlugin:80 - create IPUIPlugin
2024-02-08 19:53:50,647 [INFO] PluginManager:220 - loadIPPluginJar : add quadspi
2024-02-08 19:53:50,655 [INFO] IPUIPlugin:80 - create IPUIPlugin
2024-02-08 19:53:50,655 [INFO] PluginManager:220 - loadIPPluginJar : add resmgrutility
2024-02-08 19:53:50,683 [INFO] IPUIPlugin:80 - create IPUIPlugin
2024-02-08 19:53:50,683 [INFO] PluginManager:220 - loadIPPluginJar : add sai
2024-02-08 19:53:50,705 [INFO] IPUIPlugin:80 - create IPUIPlugin
2024-02-08 19:53:50,705 [INFO] PluginManager:220 - loadIPPluginJar : add spi
2024-02-08 19:53:50,743 [INFO] IPUIPlugin:80 - create IPUIPlugin
2024-02-08 19:53:50,743 [INFO] PluginManager:220 - loadIPPluginJar : add stm32_wpan
2024-02-08 19:53:50,757 [INFO] IPUIPlugin:80 - create IPUIPlugin
2024-02-08 19:53:50,757 [INFO] PluginManager:220 - loadIPPluginJar : add tim
2024-02-08 19:53:50,788 [INFO] IPUIPlugin:80 - create IPUIPlugin
2024-02-08 19:53:50,788 [INFO] PluginManager:220 - loadIPPluginJar : add touchsensing
2024-02-08 19:53:50,801 [INFO] IPUIPlugin:80 - create IPUIPlugin
2024-02-08 19:53:50,801 [INFO] PluginManager:220 - loadIPPluginJar : add tracer_emb
2024-02-08 19:53:50,815 [INFO] IPUIPlugin:80 - create IPUIPlugin
2024-02-08 19:53:50,815 [INFO] PluginManager:220 - loadIPPluginJar : add ts
2024-02-08 19:53:50,827 [INFO] IPUIPlugin:80 - create IPUIPlugin
2024-02-08 19:53:50,827 [INFO] PluginManager:220 - loadIPPluginJar : add tsc
2024-02-08 19:53:50,840 [INFO] IPUIPlugin:80 - create IPUIPlugin
2024-02-08 19:53:50,841 [INFO] PluginManager:220 - loadIPPluginJar : add ucpd
2024-02-08 19:53:50,865 [INFO] IPUIPlugin:80 - create IPUIPlugin
2024-02-08 19:53:50,865 [INFO] PluginManager:220 - loadIPPluginJar : add usart
2024-02-08 19:53:50,890 [INFO] IPUIPlugin:80 - create IPUIPlugin
2024-02-08 19:53:50,890 [INFO] PluginManager:220 - loadIPPluginJar : add usbx
2024-02-08 19:53:50,992 [INFO] CADModel:165 - CPN selected for project level
2024-02-08 19:53:50,992 [INFO] CADModel:114 - Register for checkConnection events
2024-02-08 19:53:50,992 [FATAL] Updater:308 - Updater called before beeing initialized
2024-02-08 19:53:50,992 [ERROR] CADModel:125 - Updater not yet initialized, retry later 
2024-02-08 19:53:51,094 [INFO] CADModel:165 - CPN selected for project level
2024-02-08 19:53:51,094 [INFO] CADModel:114 - Register for checkConnection events
2024-02-08 19:53:51,094 [FATAL] Updater:308 - Updater called before beeing initialized
2024-02-08 19:53:51,094 [ERROR] CADModel:125 - Updater not yet initialized, retry later 
2024-02-08 19:53:51,096 [FATAL] Updater:308 - Updater called before beeing initialized
2024-02-08 19:53:51,158 [FATAL] Updater:308 - Updater called before beeing initialized
2024-02-08 19:53:51,164 [INFO] DbMcusAds:53 - JSON generation date=Wed Nov 29 16:22:27 IST 2023 (1701255147349)
2024-02-08 19:53:51,164 [FATAL] Updater:308 - Updater called before beeing initialized
2024-02-08 19:53:51,223 [WARN] DetailPanel:346 - Failed to get advertising image, set to default
2024-02-08 19:53:51,280 [FATAL] Updater:308 - Updater called before beeing initialized
2024-02-08 19:53:51,281 [FATAL] Updater:308 - Updater called before beeing initialized
2024-02-08 19:53:51,282 [FATAL] Updater:308 - Updater called before beeing initialized
2024-02-08 19:53:51,282 [WARN] DetailPanel:346 - Failed to get advertising image, set to default
2024-02-08 19:53:51,282 [FATAL] Updater:308 - Updater called before beeing initialized
2024-02-08 19:53:51,323 [ERROR] Updater:1120 - MainUpdater not yet initialized. External WinMGr cannot be set.
2024-02-08 19:53:51,331 [INFO] Updater:1056 - Updater Version found : 6.10.0
2024-02-08 19:53:51,345 [INFO] ApplicationProperties:184 - Using Application install path: C:\ST\STM32CubeIDE_1.14.0\STM32CubeIDE\plugins\com.st.stm32cube.common.mx_6.10.0.202311202037
2024-02-08 19:53:52,519 [INFO] ThirdPartyUpdaterWithRetryManager:70 - Updater plugin not ready yet. [2/15]
2024-02-08 19:53:52,917 [ERROR] LogOutputStream:75 - [STDERR_REDIRECT] Feb 08, 2024 7:53:52 PM java.util.prefs.WindowsPreferences <init>
2024-02-08 19:53:52,918 [ERROR] LogOutputStream:75 - [STDERR_REDIRECT] WARNING: Could not open/create prefs root node Software\JavaSoft\Prefs at root 0xffffffff80000002. Windows RegCreateKeyEx(...) returned error code 5.
2024-02-08 19:53:52,918 [ERROR] LogOutputStream:75 - [STDERR_REDIRECT] 
2024-02-08 19:53:53,113 [INFO] MainUpdater:2873 - connection check result : 10
2024-02-08 19:53:53,113 [INFO] MainUpdater:3567 - Updater definition file requires update
2024-02-08 19:53:53,114 [INFO] MainUpdater:290 - Updater Check For Update Now.
2024-02-08 19:53:53,114 [INFO] MicroXplorer:498 - Change Database Version : DB.6.0.100
2024-02-08 19:53:53,133 [INFO] McuFinderGlobals:63 - Set McuFinder mode to 2 (CubeIDE integrated)
2024-02-08 19:53:53,134 [INFO] ServerAccessManage:473 - Download File updaters.zip
2024-02-08 19:53:53,201 [INFO] FileExtend:240 - Unzip File : updaters.zip
2024-02-08 19:53:53,201 [INFO] FileExtend:255 - Standard Zip Deflate
2024-02-08 19:53:53,358 [INFO] UserAuth:404 - Internet connection configuration mode: 1
2024-02-08 19:53:53,371 [INFO] ServerAccessManage:473 - Download File PacksControlFlags.xml
2024-02-08 19:53:53,376 [INFO] JxBrowserEngine:152 - Initiate JxBrowser Engine with user profile folder
2024-02-08 19:53:53,415 [INFO] ServerAccessManage:473 - Download File cubemx.pidx
2024-02-08 19:53:53,756 [INFO] ServerAccessManage:473 - Download File STMicroelectronics.X-CUBE-EEPRMA1.pdsc
2024-02-08 19:53:54,611 [ERROR] ServerAccessManage:1089 - Problem, file not found on Server
2024-02-08 19:53:54,611 [ERROR] ExternalUserPreferencesManager:606 - Error while get path from external application: Cannot invoke "com.st.stm32cube.common.mx.MxActivator.getBundle()" because the return value of "com.st.stm32cube.common.mx.MxActivator.getDefault()" is null
2024-02-08 19:53:54,611 [ERROR] ExternalUserPreferencesManager:336 - Error while get preference info from external application: Cannot invoke "com.st.stm32cube.common.mx.MxActivator.getBundle()" because the return value of "com.st.stm32cube.common.mx.MxActivator.getDefault()" is null
2024-02-08 19:53:54,612 [ERROR] ExternalUserPreferencesManager:560 - Error while get preference info from external application: Cannot invoke "com.st.stm32cube.common.mx.MxActivator.getBundle()" because the return value of "com.st.stm32cube.common.mx.MxActivator.getDefault()" is null
2024-02-08 19:53:54,615 [ERROR] ExternalUserPreferencesManager:560 - Error while get preference info from external application: Cannot invoke "com.st.stm32cube.common.mx.MxActivator.getBundle()" because the return value of "com.st.stm32cube.common.mx.MxActivator.getDefault()" is null
2024-02-08 19:53:54,620 [ERROR] ExternalUserPreferencesManager:560 - Error while get preference info from external application: Cannot invoke "com.st.stm32cube.common.mx.MxActivator.getBundle()" because the return value of "com.st.stm32cube.common.mx.MxActivator.getDefault()" is null
2024-02-08 19:53:54,623 [ERROR] ExternalUserPreferencesManager:560 - Error while get preference info from external application: Cannot invoke "com.st.stm32cube.common.mx.MxActivator.getBundle()" because the return value of "com.st.stm32cube.common.mx.MxActivator.getDefault()" is null
2024-02-08 19:53:54,628 [ERROR] ExternalUserPreferencesManager:560 - Error while get preference info from external application: Cannot invoke "com.st.stm32cube.common.mx.MxActivator.getBundle()" because the return value of "com.st.stm32cube.common.mx.MxActivator.getDefault()" is null
2024-02-08 19:53:54,631 [ERROR] ExternalUserPreferencesManager:560 - Error while get preference info from external application: Cannot invoke "com.st.stm32cube.common.mx.MxActivator.getBundle()" because the return value of "com.st.stm32cube.common.mx.MxActivator.getDefault()" is null
2024-02-08 19:53:54,792 [ERROR] LogOutputStream:75 - [STDERR_REDIRECT] 
